2019-01-02 07:53:53 +0000  Initial pipeline context: <IDEDistributionProcessingPipelineContext: 0x7ffb63bcccc0; archive(resolved)='<IDEArchive: 0x7ffb7d06ee90>', distributionTask(resolved)='2', distributionDestination(resolved)='1', distributionMethod(resolved)='<IDEDistributionMethodiOSAppStoreDistribution: 0x7ffb60edd660>', team(resolved)='<IDEProvisioningDisambiguatableBasicTeam: 0x7ffb7b275a20; teamID='GB8MX953C7', teamName='ZERO AND ONE FZE', teamType='Company', username='info@ntamtech.com', isFreeProvisioningTeam='0'>'>
	Chain (12, self inclusive):
	<IDEDistributionProcessingPipelineContext: 0x7ffb63bcccc0; archive = '<IDEArchive: 0x7ffb7d06ee90>', distributionMethod='<IDEDistributionMethodiOSAppStoreDistribution: 0x7ffb60edd660>', team='<IDEProvisioningDisambiguatableBasicTeam: 0x7ffb7b275a20; teamID='GB8MX953C7', teamName='ZERO AND ONE FZE', teamType='Company', username='info@ntamtech.com', isFreeProvisioningTeam='0'>'>
	<IDEDistributionProcessingPipelineContext: 0x7ffb63ba3d80; archive = '<IDEArchive: 0x7ffb7d06ee90>', distributionMethod='<IDEDistributionMethodiOSAppStoreDistribution: 0x7ffb60edd660>', team='<IDEProvisioningDisambiguatableBasicTeam: 0x7ffb7b275a20; teamID='GB8MX953C7', teamName='ZERO AND ONE FZE', teamType='Company', username='info@ntamtech.com', isFreeProvisioningTeam='0'>'>
	<IDEDistributionContext: 0x7ffb79e09160; archive = '<IDEArchive: 0x7ffb7d06ee90>', distributionMethod='<IDEDistributionMethodiOSAppStoreDistribution: 0x7ffb60edd660>', team='<IDEProvisioningDisambiguatableBasicTeam: 0x7ffb7b275a20; teamID='GB8MX953C7', teamName='ZERO AND ONE FZE', teamType='Company', username='info@ntamtech.com', isFreeProvisioningTeam='0'>'>
	<IDEDistributionContext: 0x7ffb79a02a40; archive = '<IDEArchive: 0x7ffb7d06ee90>', distributionMethod='<IDEDistributionMethodiOSAppStoreDistribution: 0x7ffb60edd660>', team='<IDEProvisioningDisambiguatableBasicTeam: 0x7ffb7b275a20; teamID='GB8MX953C7', teamName='ZERO AND ONE FZE', teamType='Company', username='info@ntamtech.com', isFreeProvisioningTeam='0'>'>
	<IDEDistributionContext: 0x7ffb63d3bee0; archive = '<IDEArchive: 0x7ffb7d06ee90>', distributionMethod='<IDEDistributionMethodiOSAppStoreDistribution: 0x7ffb60edd660>', team='<IDEProvisioningDisambiguatableBasicTeam: 0x7ffb7b275a20; teamID='GB8MX953C7', teamName='ZERO AND ONE FZE', teamType='Company', username='info@ntamtech.com', isFreeProvisioningTeam='0'>'>
	<IDEDistributionContext: 0x7ffb76c28ee0; archive = '<IDEArchive: 0x7ffb7d06ee90>', distributionMethod='<IDEDistributionMethodiOSAppStoreDistribution: 0x7ffb60edd660>', team='<IDEProvisioningDisambiguatableBasicTeam: 0x7ffb7b275a20; teamID='GB8MX953C7', teamName='ZERO AND ONE FZE', teamType='Company', username='info@ntamtech.com', isFreeProvisioningTeam='0'>'>
	<IDEDistributionContext: 0x7ffb62198170; archive = '<IDEArchive: 0x7ffb7d06ee90>', distributionMethod='<IDEDistributionMethodiOSAppStoreDistribution: 0x7ffb60edd660>', team='<IDEProvisioningDisambiguatableBasicTeam: 0x7ffb7b275a20; teamID='GB8MX953C7', teamName='ZERO AND ONE FZE', teamType='Company', username='info@ntamtech.com', isFreeProvisioningTeam='0'>'>
	<IDEDistributionContext: 0x7ffb624543a0; archive = '<IDEArchive: 0x7ffb7d06ee90>', distributionMethod='<IDEDistributionMethodiOSAppStoreDistribution: 0x7ffb60edd660>', team='<IDEProvisioningDisambiguatableBasicTeam: 0x7ffb7b275a20; teamID='GB8MX953C7', teamName='ZERO AND ONE FZE', teamType='Company', username='info@ntamtech.com', isFreeProvisioningTeam='0'>'>
	<IDEDistributionContext: 0x7ffb76a9e300; archive = '<IDEArchive: 0x7ffb7d06ee90>', distributionMethod='<IDEDistributionMethodiOSAppStoreDistribution: 0x7ffb60edd660>', team='<IDEProvisioningDisambiguatableBasicTeam: 0x7ffb7b275a20; teamID='GB8MX953C7', teamName='ZERO AND ONE FZE', teamType='Company', username='info@ntamtech.com', isFreeProvisioningTeam='0'>'>
	<IDEDistributionContext: 0x7ffb61775330; archive = '<IDEArchive: 0x7ffb7d06ee90>', distributionMethod='<IDEDistributionMethodiOSAppStoreDistribution: 0x7ffb60edd660>', team='(null)'>
	<IDEDistributionContext: 0x7ffb6382fc80; archive = '<IDEArchive: 0x7ffb7d06ee90>', distributionMethod='<IDEDistributionMethodiOSAppStoreDistribution: 0x7ffb60edd660>', team='(null)'>
	<IDEDistributionContext: 0x7ffb7b7fbad0; archive = '<IDEArchive: 0x7ffb7d06ee90>', distributionMethod='(null)', team='(null)'>
</IDEDistributionProcessingPipelineContext: 0x7ffb63bcccc0>
2019-01-02 07:53:53 +0000  Processing step: IDEDistributionCreateDestRootStep
2019-01-02 07:53:53 +0000  Processing step: IDEDistributionCopyItemStep
2019-01-02 07:53:53 +0000  Running /usr/bin/ditto '-V' '/Users/ntam/Library/Developer/Xcode/Archives/2019-01-02/BBPlayer 1-2-19, 9.53 AM.xcarchive/Products/Applications/BBPlayer.app' '/var/folders/b3/3sg7v2bn5l12lzs2skbpl3nm0000gn/T/XcodeDistPipeline.xrw/Root/Payload/BBPlayer.app'
2019-01-02 07:53:53 +0000  >>> Copying /Users/ntam/Library/Developer/Xcode/Archives/2019-01-02/BBPlayer 1-2-19, 9.53 AM.xcarchive/Products/Applications/BBPlayer.app 
2019-01-02 07:53:53 +0000  copying file ./_CodeSignature/CodeResources ... 
2019-01-02 07:53:53 +0000  67541 bytes for ./_CodeSignature/CodeResources
2019-01-02 07:53:53 +0000  copying file ./AppIcon20x20@2x.png ... 
6433 bytes for ./AppIcon20x20@2x.png
copying file ./AppIcon20x20@2x~ipad.png ... 
2019-01-02 07:53:53 +0000  6433 bytes for ./AppIcon20x20@2x~ipad.png
2019-01-02 07:53:53 +0000  copying file ./AppIcon20x20@3x.png ... 
2019-01-02 07:53:53 +0000  12125 bytes for ./AppIcon20x20@3x.png
copying file ./AppIcon20x20~ipad.png ... 
2732 bytes for ./AppIcon20x20~ipad.png
2019-01-02 07:53:53 +0000  copying file ./AppIcon29x29@2x.png ... 
2019-01-02 07:53:53 +0000  11517 bytes for ./AppIcon29x29@2x.png
copying file ./AppIcon29x29@2x~ipad.png ... 
2019-01-02 07:53:53 +0000  11517 bytes for ./AppIcon29x29@2x~ipad.png
copying file ./AppIcon29x29@3x.png ... 
2019-01-02 07:53:53 +0000  22468 bytes for ./AppIcon29x29@3x.png
copying file ./AppIcon29x29~ipad.png ... 
2019-01-02 07:53:53 +0000  4120 bytes for ./AppIcon29x29~ipad.png
copying file ./AppIcon40x40@2x.png ... 
2019-01-02 07:53:53 +0000  19633 bytes for ./AppIcon40x40@2x.png
copying file ./AppIcon40x40@2x~ipad.png ... 
19633 bytes for ./AppIcon40x40@2x~ipad.png
copying file ./AppIcon40x40@3x.png ... 
2019-01-02 07:53:53 +0000  38436 bytes for ./AppIcon40x40@3x.png
copying file ./AppIcon40x40~ipad.png ... 
2019-01-02 07:53:53 +0000  6433 bytes for ./AppIcon40x40~ipad.png
copying file ./AppIcon60x60@2x.png ... 
2019-01-02 07:53:53 +0000  38436 bytes for ./AppIcon60x60@2x.png
copying file ./AppIcon60x60@3x.png ... 
76112 bytes for ./AppIcon60x60@3x.png
copying file ./AppIcon76x76@2x~ipad.png ... 
57086 bytes for ./AppIcon76x76@2x~ipad.png
2019-01-02 07:53:53 +0000  copying file ./AppIcon76x76~ipad.png ... 
17998 bytes for ./AppIcon76x76~ipad.png
copying file ./AppIcon83.5x83.5@2x~ipad.png ... 
66932 bytes for ./AppIcon83.5x83.5@2x~ipad.png
copying file ./Assets.car ... 
2019-01-02 07:53:54 +0000  2114120 bytes for ./Assets.car
2019-01-02 07:53:54 +0000  copying file ./Base.lproj/Main.storyboardc/BV1-FR-VrT-view-3se-qz-xqx.nib ... 
1878 bytes for ./Base.lproj/Main.storyboardc/BV1-FR-VrT-view-3se-qz-xqx.nib
copying file ./Base.lproj/Main.storyboardc/Info.plist ... 
258 bytes for ./Base.lproj/Main.storyboardc/Info.plist
copying file ./Base.lproj/Main.storyboardc/UIViewController-BV1-FR-VrT.nib ... 
920 bytes for ./Base.lproj/Main.storyboardc/UIViewController-BV1-FR-VrT.nib
copying file ./BBPlayer ... 
2019-01-02 07:53:54 +0000  8060816 bytes for ./BBPlayer
2019-01-02 07:53:54 +0000  copying file ./data/atlases/atlas_ID107.plist ... 
2019-01-02 07:53:54 +0000  26802 bytes for ./data/atlases/atlas_ID107.plist
copying file ./data/atlases/atlas_ID107.png ... 
2019-01-02 07:53:54 +0000  602472 bytes for ./data/atlases/atlas_ID107.png
copying file ./data/atlases/atlas_ID1897.plist ... 
2019-01-02 07:53:54 +0000  22396 bytes for ./data/atlases/atlas_ID1897.plist
copying file ./data/atlases/atlas_ID1897.png ... 
2019-01-02 07:53:54 +0000  1609316 bytes for ./data/atlases/atlas_ID1897.png
copying file ./data/atlases/atlas_ID1940.plist ... 
2019-01-02 07:53:54 +0000  9297 bytes for ./data/atlases/atlas_ID1940.plist
copying file ./data/atlases/atlas_ID1940.png ... 
2019-01-02 07:53:54 +0000  1659782 bytes for ./data/atlases/atlas_ID1940.png
copying file ./data/atlases/atlas_ID1944.plist ... 
2019-01-02 07:53:54 +0000  7297 bytes for ./data/atlases/atlas_ID1944.plist
copying file ./data/atlases/atlas_ID1944.png ... 
2019-01-02 07:53:54 +0000  1694581 bytes for ./data/atlases/atlas_ID1944.png
copying file ./data/atlases/atlas_ID1949.plist ... 
2019-01-02 07:53:54 +0000  7790 bytes for ./data/atlases/atlas_ID1949.plist
copying file ./data/atlases/atlas_ID1949.png ... 
2019-01-02 07:53:54 +0000  1786909 bytes for ./data/atlases/atlas_ID1949.png
copying file ./data/atlases/atlas_ID1964.plist ... 
2019-01-02 07:53:54 +0000  5257 bytes for ./data/atlases/atlas_ID1964.plist
copying file ./data/atlases/atlas_ID1964.png ... 
2019-01-02 07:53:54 +0000  1682924 bytes for ./data/atlases/atlas_ID1964.png
copying file ./data/atlases/atlas_ID1969.plist ... 
2019-01-02 07:53:54 +0000  5263 bytes for ./data/atlases/atlas_ID1969.plist
copying file ./data/atlases/atlas_ID1969.png ... 
1516156 bytes for ./data/atlases/atlas_ID1969.png
copying file ./data/atlases/atlas_ID1980.plist ... 
4258 bytes for ./data/atlases/atlas_ID1980.plist
copying file ./data/atlases/atlas_ID1980.png ... 
2019-01-02 07:53:54 +0000  1282393 bytes for ./data/atlases/atlas_ID1980.png
copying file ./data/atlases/atlas_ID2278.plist ... 
2019-01-02 07:53:54 +0000  5251 bytes for ./data/atlases/atlas_ID2278.plist
copying file ./data/atlases/atlas_ID2278.png ... 
2019-01-02 07:53:54 +0000  1403477 bytes for ./data/atlases/atlas_ID2278.png
copying file ./data/atlases/atlas_ID2412.plist ... 
2019-01-02 07:53:54 +0000  4743 bytes for ./data/atlases/atlas_ID2412.plist
2019-01-02 07:53:54 +0000  copying file ./data/atlases/atlas_ID2412.png ... 
2019-01-02 07:53:54 +0000  1122455 bytes for ./data/atlases/atlas_ID2412.png
copying file ./data/atlases/atlas_ID2585.plist ... 
2019-01-02 07:53:54 +0000  5251 bytes for ./data/atlases/atlas_ID2585.plist
copying file ./data/atlases/atlas_ID2585.png ... 
1026202 bytes for ./data/atlases/atlas_ID2585.png
copying file ./data/atlases/atlas_ID3400.plist ... 
9801 bytes for ./data/atlases/atlas_ID3400.plist
copying file ./data/atlases/atlas_ID3400.png ... 
2019-01-02 07:53:54 +0000  847715 bytes for ./data/atlases/atlas_ID3400.png
copying file ./data/atlases/atlas_ID3421.plist ... 
2019-01-02 07:53:54 +0000  9799 bytes for ./data/atlases/atlas_ID3421.plist
copying file ./data/atlases/atlas_ID3421.png ... 
2019-01-02 07:53:54 +0000  1343437 bytes for ./data/atlases/atlas_ID3421.png
copying file ./data/atlases/atlas_ID3519.plist ... 
2019-01-02 07:53:54 +0000  3245 bytes for ./data/atlases/atlas_ID3519.plist
copying file ./data/atlases/atlas_ID3519.png ... 
1502951 bytes for ./data/atlases/atlas_ID3519.png
copying file ./data/atlases/atlas_ID3523.plist ... 
3236 bytes for ./data/atlases/atlas_ID3523.plist
copying file ./data/atlases/atlas_ID3523.png ... 
2019-01-02 07:53:54 +0000  1321532 bytes for ./data/atlases/atlas_ID3523.png
copying file ./data/atlases/atlas_ID3527.plist ... 
2019-01-02 07:53:55 +0000  3240 bytes for ./data/atlases/atlas_ID3527.plist
copying file ./data/atlases/atlas_ID3527.png ... 
2019-01-02 07:53:55 +0000  1619799 bytes for ./data/atlases/atlas_ID3527.png
copying file ./data/atlases/atlas_ID3530.plist ... 
2019-01-02 07:53:55 +0000  1719 bytes for ./data/atlases/atlas_ID3530.plist
copying file ./data/atlases/atlas_ID3530.png ... 
406157 bytes for ./data/atlases/atlas_ID3530.png
copying file ./data/atlases/atlas_ID4001.plist ... 
2220 bytes for ./data/atlases/atlas_ID4001.plist
copying file ./data/atlases/atlas_ID4001.png ... 
2019-01-02 07:53:55 +0000  1718079 bytes for ./data/atlases/atlas_ID4001.png
copying file ./data/atlases/atlas_ID4008.plist ... 
2019-01-02 07:53:55 +0000  2219 bytes for ./data/atlases/atlas_ID4008.plist
copying file ./data/atlases/atlas_ID4008.png ... 
2019-01-02 07:53:55 +0000  1361287 bytes for ./data/atlases/atlas_ID4008.png
copying file ./data/atlases/atlas_ID4173.plist ... 
2019-01-02 07:53:55 +0000  2732 bytes for ./data/atlases/atlas_ID4173.plist
copying file ./data/atlases/atlas_ID4173.png ... 
2019-01-02 07:53:55 +0000  1206867 bytes for ./data/atlases/atlas_ID4173.png
2019-01-02 07:53:55 +0000  copying file ./data/atlases/atlas_ID4176.plist ... 
2019-01-02 07:53:55 +0000  2746 bytes for ./data/atlases/atlas_ID4176.plist
copying file ./data/atlases/atlas_ID4176.png ... 
2019-01-02 07:53:55 +0000  890517 bytes for ./data/atlases/atlas_ID4176.png
copying file ./data/atlases/atlas_ID4180.plist ... 
2019-01-02 07:53:55 +0000  2733 bytes for ./data/atlases/atlas_ID4180.plist
copying file ./data/atlases/atlas_ID4180.png ... 
2019-01-02 07:53:55 +0000  1049286 bytes for ./data/atlases/atlas_ID4180.png
copying file ./data/atlases/atlas_ID4184.plist ... 
2019-01-02 07:53:55 +0000  2734 bytes for ./data/atlases/atlas_ID4184.plist
copying file ./data/atlases/atlas_ID4184.png ... 
2019-01-02 07:53:55 +0000  880297 bytes for ./data/atlases/atlas_ID4184.png
2019-01-02 07:53:55 +0000  copying file ./data/atlases/atlas_ID4187.plist ... 
2224 bytes for ./data/atlases/atlas_ID4187.plist
copying file ./data/atlases/atlas_ID4187.png ... 
945295 bytes for ./data/atlases/atlas_ID4187.png
copying file ./data/atlases/atlas_ID4192.plist ... 
2223 bytes for ./data/atlases/atlas_ID4192.plist
copying file ./data/atlases/atlas_ID4192.png ... 
2019-01-02 07:53:55 +0000  884187 bytes for ./data/atlases/atlas_ID4192.png
copying file ./data/atlases/atlas_ID4195.plist ... 
2019-01-02 07:53:55 +0000  2224 bytes for ./data/atlases/atlas_ID4195.plist
copying file ./data/atlases/atlas_ID4195.png ... 
900780 bytes for ./data/atlases/atlas_ID4195.png
copying file ./data/atlases/atlas_ID5279.plist ... 
1208 bytes for ./data/atlases/atlas_ID5279.plist
copying file ./data/atlases/atlas_ID5279.png ... 
2019-01-02 07:53:55 +0000  411095 bytes for ./data/atlases/atlas_ID5279.png
copying file ./data/atlases/atlas_ID5802.plist ... 
2019-01-02 07:53:55 +0000  1208 bytes for ./data/atlases/atlas_ID5802.plist
copying file ./data/atlases/atlas_ID5802.png ... 
2019-01-02 07:53:55 +0000  411095 bytes for ./data/atlases/atlas_ID5802.png
2019-01-02 07:53:55 +0000  copying file ./data/atlases/atlas_ID5814.plist ... 
2019-01-02 07:53:55 +0000  1711 bytes for ./data/atlases/atlas_ID5814.plist
copying file ./data/atlases/atlas_ID5814.png ... 
2019-01-02 07:53:55 +0000  624968 bytes for ./data/atlases/atlas_ID5814.png
copying file ./data/atlases/atlas_ID5821.plist ... 
2019-01-02 07:53:55 +0000  1711 bytes for ./data/atlases/atlas_ID5821.plist
2019-01-02 07:53:55 +0000  copying file ./data/atlases/atlas_ID5821.png ... 
2019-01-02 07:53:55 +0000  658953 bytes for ./data/atlases/atlas_ID5821.png
2019-01-02 07:53:55 +0000  copying file ./data/atlases/atlas_ID5828.plist ... 
1208 bytes for ./data/atlases/atlas_ID5828.plist
copying file ./data/atlases/atlas_ID5828.png ... 
411095 bytes for ./data/atlases/atlas_ID5828.png
copying file ./data/atlases/atlas_ID5832.plist ... 
1208 bytes for ./data/atlases/atlas_ID5832.plist
copying file ./data/atlases/atlas_ID5832.png ... 
2019-01-02 07:53:55 +0000  411095 bytes for ./data/atlases/atlas_ID5832.png
copying file ./data/atlases/atlas_ID5840.plist ... 
2019-01-02 07:53:55 +0000  2734 bytes for ./data/atlases/atlas_ID5840.plist
copying file ./data/atlases/atlas_ID5840.png ... 
2019-01-02 07:53:55 +0000  1067874 bytes for ./data/atlases/atlas_ID5840.png
2019-01-02 07:53:55 +0000  copying file ./data/atlases/atlas_ID6327.plist ... 
2730 bytes for ./data/atlases/atlas_ID6327.plist
copying file ./data/atlases/atlas_ID6327.png ... 
2019-01-02 07:53:55 +0000  1038756 bytes for ./data/atlases/atlas_ID6327.png
copying file ./data/atlases/atlas_ID6335.plist ... 
2019-01-02 07:53:55 +0000  2224 bytes for ./data/atlases/atlas_ID6335.plist
copying file ./data/atlases/atlas_ID6335.png ... 
2019-01-02 07:53:55 +0000  857649 bytes for ./data/atlases/atlas_ID6335.png
2019-01-02 07:53:55 +0000  copying file ./data/fonts/PTModelFont_ID2.fnt ... 
13286 bytes for ./data/fonts/PTModelFont_ID2.fnt
copying file ./data/fonts/PTModelFont_ID2.png ... 
56007 bytes for ./data/fonts/PTModelFont_ID2.png
copying file ./data/fx/flagMap.png ... 
2019-01-02 07:53:55 +0000  408 bytes for ./data/fx/flagMap.png
copying file ./data/fx/lightMap.png ... 
2019-01-02 07:53:55 +0000  8541 bytes for ./data/fx/lightMap.png
2019-01-02 07:53:55 +0000  copying file ./data/fx/trailMap.png ... 
2019-01-02 07:53:55 +0000  216 bytes for ./data/fx/trailMap.png
2019-01-02 07:53:55 +0000  copying file ./data/Keys.pack ... 
2019-01-02 07:53:55 +0000  3871 bytes for ./data/Keys.pack
2019-01-02 07:53:55 +0000  copying file ./data/PTModelAnimation.0.attributes.pack ... 
2019-01-02 07:53:55 +0000  3009 bytes for ./data/PTModelAnimation.0.attributes.pack
copying file ./data/PTModelAnimation.0.connections.pack ... 
2019-01-02 07:53:55 +0000  429 bytes for ./data/PTModelAnimation.0.connections.pack
copying file ./data/PTModelAssetCharacter.0.attributes.pack ... 
2019-01-02 07:53:55 +0000  175 bytes for ./data/PTModelAssetCharacter.0.attributes.pack
2019-01-02 07:53:55 +0000  copying file ./data/PTModelAssetCharacter.0.connections.pack ... 
2019-01-02 07:53:55 +0000  48 bytes for ./data/PTModelAssetCharacter.0.connections.pack
copying file ./data/PTModelAssetObstacle.0.attributes.pack ... 
2019-01-02 07:53:55 +0000  1677 bytes for ./data/PTModelAssetObstacle.0.attributes.pack
copying file ./data/PTModelAssetObstacle.0.connections.pack ... 
2019-01-02 07:53:55 +0000  653 bytes for ./data/PTModelAssetObstacle.0.connections.pack
copying file ./data/PTModelAssetPowerup.0.attributes.pack ... 
2019-01-02 07:53:55 +0000  2662 bytes for ./data/PTModelAssetPowerup.0.attributes.pack
2019-01-02 07:53:55 +0000  copying file ./data/PTModelAssetPowerup.0.connections.pack ... 
2019-01-02 07:53:55 +0000  91 bytes for ./data/PTModelAssetPowerup.0.connections.pack
copying file ./data/PTModelAtlas.0.attributes.pack ... 
2019-01-02 07:53:55 +0000  2859 bytes for ./data/PTModelAtlas.0.attributes.pack
copying file ./data/PTModelAtlas.0.connections.pack ... 
2019-01-02 07:53:55 +0000  1128 bytes for ./data/PTModelAtlas.0.connections.pack
2019-01-02 07:53:55 +0000  copying file ./data/PTModelCircle.0.attributes.pack ... 
2019-01-02 07:53:55 +0000  310 bytes for ./data/PTModelCircle.0.attributes.pack
copying file ./data/PTModelCircle.0.connections.pack ... 
25 bytes for ./data/PTModelCircle.0.connections.pack
copying file ./data/PTModelComponentCharacterGameplaySettings.0.attributes.pack ... 
361 bytes for ./data/PTModelComponentCharacterGameplaySettings.0.attributes.pack
copying file ./data/PTModelComponentCharacterGameplaySettings.0.connections.pack ... 
2019-01-02 07:53:55 +0000  5 bytes for ./data/PTModelComponentCharacterGameplaySettings.0.connections.pack
copying file ./data/PTModelComponentDeletionThreshold.0.attributes.pack ... 
2019-01-02 07:53:55 +0000  103 bytes for ./data/PTModelComponentDeletionThreshold.0.attributes.pack
2019-01-02 07:53:55 +0000  copying file ./data/PTModelComponentDeletionThreshold.0.connections.pack ... 
2019-01-02 07:53:55 +0000  5 bytes for ./data/PTModelComponentDeletionThreshold.0.connections.pack
copying file ./data/PTModelComponentForcedMovement.0.attributes.pack ... 
2019-01-02 07:53:55 +0000  106 bytes for ./data/PTModelComponentForcedMovement.0.attributes.pack
2019-01-02 07:53:55 +0000  copying file ./data/PTModelComponentForcedMovement.0.connections.pack ... 
2019-01-02 07:53:55 +0000  5 bytes for ./data/PTModelComponentForcedMovement.0.connections.pack
copying file ./data/PTModelComponentHealth.0.attributes.pack ... 
2019-01-02 07:53:55 +0000  270 bytes for ./data/PTModelComponentHealth.0.attributes.pack
2019-01-02 07:53:55 +0000  copying file ./data/PTModelComponentHealth.0.connections.pack ... 
2019-01-02 07:53:55 +0000  22 bytes for ./data/PTModelComponentHealth.0.connections.pack
copying file ./data/PTModelComponentSpawner.0.attributes.pack ... 
2019-01-02 07:53:55 +0000  80 bytes for ./data/PTModelComponentSpawner.0.attributes.pack
2019-01-02 07:53:55 +0000  copying file ./data/PTModelComponentSpawner.0.connections.pack ... 
2019-01-02 07:53:55 +0000  5 bytes for ./data/PTModelComponentSpawner.0.connections.pack
copying file ./data/PTModelComponentWakeup.0.attributes.pack ... 
2019-01-02 07:53:55 +0000  1368 bytes for ./data/PTModelComponentWakeup.0.attributes.pack
copying file ./data/PTModelComponentWakeup.0.connections.pack ... 
2019-01-02 07:53:55 +0000  60 bytes for ./data/PTModelComponentWakeup.0.connections.pack
2019-01-02 07:53:55 +0000  copying file ./data/PTModelFont.0.attributes.pack ... 
2019-01-02 07:53:55 +0000  283 bytes for ./data/PTModelFont.0.attributes.pack
copying file ./data/PTModelFont.0.connections.pack ... 
2019-01-02 07:53:55 +0000  3 bytes for ./data/PTModelFont.0.connections.pack
2019-01-02 07:53:55 +0000  copying file ./data/PTModelGeneralSettings.0.attributes.pack ... 
2019-01-02 07:53:55 +0000  1030 bytes for ./data/PTModelGeneralSettings.0.attributes.pack
copying file ./data/PTModelGeneralSettings.0.connections.pack ... 
2019-01-02 07:53:55 +0000  10 bytes for ./data/PTModelGeneralSettings.0.connections.pack
2019-01-02 07:53:55 +0000  copying file ./data/PTModelLevelSection.0.attributes.pack ... 
2019-01-02 07:53:55 +0000  2390 bytes for ./data/PTModelLevelSection.0.attributes.pack
copying file ./data/PTModelLevelSection.0.connections.pack ... 
2019-01-02 07:53:55 +0000  1728 bytes for ./data/PTModelLevelSection.0.connections.pack
2019-01-02 07:53:55 +0000  copying file ./data/PTModelLinker.0.attributes.pack ... 
2019-01-02 07:53:55 +0000  1005 bytes for ./data/PTModelLinker.0.attributes.pack
copying file ./data/PTModelLinker.0.connections.pack ... 
2019-01-02 07:53:55 +0000  285 bytes for ./data/PTModelLinker.0.connections.pack
copying file ./data/PTModelObjectAssetCharacter.0.attributes.pack ... 
2019-01-02 07:53:55 +0000  171 bytes for ./data/PTModelObjectAssetCharacter.0.attributes.pack
2019-01-02 07:53:55 +0000  copying file ./data/PTModelObjectAssetCharacter.0.connections.pack ... 
2019-01-02 07:53:55 +0000  11 bytes for ./data/PTModelObjectAssetCharacter.0.connections.pack
copying file ./data/PTModelObjectAssetPowerup.0.attributes.pack ... 
2019-01-02 07:53:55 +0000  17706 bytes for ./data/PTModelObjectAssetPowerup.0.attributes.pack
2019-01-02 07:53:55 +0000  copying file ./data/PTModelObjectAssetPowerup.0.connections.pack ... 
2019-01-02 07:53:55 +0000  1133 bytes for ./data/PTModelObjectAssetPowerup.0.connections.pack
2019-01-02 07:53:55 +0000  copying file ./data/PTModelObjectAssetUnit.0.attributes.pack ... 
2019-01-02 07:53:55 +0000  132475 bytes for ./data/PTModelObjectAssetUnit.0.attributes.pack
copying file ./data/PTModelObjectAssetUnit.0.connections.pack ... 
2019-01-02 07:53:55 +0000  4371 bytes for ./data/PTModelObjectAssetUnit.0.connections.pack
copying file ./data/PTModelObjectBackground.0.attributes.pack ... 
2019-01-02 07:53:55 +0000  474 bytes for ./data/PTModelObjectBackground.0.attributes.pack
copying file ./data/PTModelObjectBackground.0.connections.pack ... 
2019-01-02 07:53:55 +0000  24 bytes for ./data/PTModelObjectBackground.0.connections.pack
copying file ./data/PTModelObjectButton.0.attributes.pack ... 
2019-01-02 07:53:55 +0000  5497 bytes for ./data/PTModelObjectButton.0.attributes.pack
copying file ./data/PTModelObjectButton.0.connections.pack ... 
2019-01-02 07:53:55 +0000  190 bytes for ./data/PTModelObjectButton.0.connections.pack
2019-01-02 07:53:55 +0000  copying file ./data/PTModelObjectButtonControl.0.attributes.pack ... 
2019-01-02 07:53:55 +0000  1134 bytes for ./data/PTModelObjectButtonControl.0.attributes.pack
copying file ./data/PTModelObjectButtonControl.0.connections.pack ... 
2019-01-02 07:53:55 +0000  41 bytes for ./data/PTModelObjectButtonControl.0.connections.pack
copying file ./data/PTModelObjectButtonSoundControl.0.attributes.pack ... 
2019-01-02 07:53:55 +0000  287 bytes for ./data/PTModelObjectButtonSoundControl.0.attributes.pack
copying file ./data/PTModelObjectButtonSoundControl.0.connections.pack ... 
2019-01-02 07:53:55 +0000  17 bytes for ./data/PTModelObjectButtonSoundControl.0.connections.pack
2019-01-02 07:53:55 +0000  copying file ./data/PTModelObjectEventObserver.0.attributes.pack ... 
2019-01-02 07:53:55 +0000  251 bytes for ./data/PTModelObjectEventObserver.0.attributes.pack
copying file ./data/PTModelObjectEventObserver.0.connections.pack ... 
2019-01-02 07:53:55 +0000  5 bytes for ./data/PTModelObjectEventObserver.0.connections.pack
2019-01-02 07:53:55 +0000  copying file ./data/PTModelObjectImage.0.attributes.pack ... 
2019-01-02 07:53:55 +0000  17079 bytes for ./data/PTModelObjectImage.0.attributes.pack
copying file ./data/PTModelObjectImage.0.connections.pack ... 
2019-01-02 07:53:55 +0000  999 bytes for ./data/PTModelObjectImage.0.connections.pack
2019-01-02 07:53:55 +0000  copying file ./data/PTModelObjectLabel.0.attributes.pack ... 
2019-01-02 07:53:55 +0000  3861 bytes for ./data/PTModelObjectLabel.0.attributes.pack
copying file ./data/PTModelObjectLabel.0.connections.pack ... 
2019-01-02 07:53:55 +0000  60 bytes for ./data/PTModelObjectLabel.0.connections.pack
2019-01-02 07:53:55 +0000  copying file ./data/PTModelObjectLogic.0.attributes.pack ... 
2019-01-02 07:53:55 +0000  3412 bytes for ./data/PTModelObjectLogic.0.attributes.pack
copying file ./data/PTModelObjectLogic.0.connections.pack ... 
2019-01-02 07:53:55 +0000  55 bytes for ./data/PTModelObjectLogic.0.connections.pack
copying file ./data/PTModelObjectScreenJump.0.attributes.pack ... 
2019-01-02 07:53:55 +0000  942 bytes for ./data/PTModelObjectScreenJump.0.attributes.pack
copying file ./data/PTModelObjectScreenJump.0.connections.pack ... 
2019-01-02 07:53:55 +0000  25 bytes for ./data/PTModelObjectScreenJump.0.connections.pack
2019-01-02 07:53:55 +0000  copying file ./data/PTModelPolygon.0.attributes.pack ... 
2019-01-02 07:53:55 +0000  3657 bytes for ./data/PTModelPolygon.0.attributes.pack
copying file ./data/PTModelPolygon.0.connections.pack ... 
2019-01-02 07:53:55 +0000  209 bytes for ./data/PTModelPolygon.0.connections.pack
copying file ./data/PTModelScreen.0.attributes.pack ... 
2019-01-02 07:53:55 +0000  3036 bytes for ./data/PTModelScreen.0.attributes.pack
2019-01-02 07:53:55 +0000  copying file ./data/PTModelScreen.0.connections.pack ... 
2019-01-02 07:53:55 +0000  338 bytes for ./data/PTModelScreen.0.connections.pack
2019-01-02 07:53:55 +0000  copying file ./data/PTModelScreenScene.0.attributes.pack ... 
2019-01-02 07:53:55 +0000  556 bytes for ./data/PTModelScreenScene.0.attributes.pack
copying file ./data/PTModelScreenScene.0.connections.pack ... 
2019-01-02 07:53:55 +0000  69 bytes for ./data/PTModelScreenScene.0.connections.pack
2019-01-02 07:53:55 +0000  copying file ./data/PTModelSound.0.attributes.pack ... 
2019-01-02 07:53:55 +0000  699 bytes for ./data/PTModelSound.0.attributes.pack
copying file ./data/PTModelSound.0.connections.pack ... 
2019-01-02 07:53:55 +0000  50 bytes for ./data/PTModelSound.0.connections.pack
copying file ./data/PTModelSprite.0.attributes.pack ... 
2019-01-02 07:53:55 +0000  50493 bytes for ./data/PTModelSprite.0.attributes.pack
2019-01-02 07:53:55 +0000  copying file ./data/PTModelSprite.0.connections.pack ... 
2019-01-02 07:53:55 +0000  1491 bytes for ./data/PTModelSprite.0.connections.pack
copying file ./data/PTModelSpriteContainer.0.attributes.pack ... 
2019-01-02 07:53:55 +0000  27006 bytes for ./data/PTModelSpriteContainer.0.attributes.pack
copying file ./data/PTModelSpriteContainer.0.connections.pack ... 
2019-01-02 07:53:55 +0000  2038 bytes for ./data/PTModelSpriteContainer.0.connections.pack
2019-01-02 07:53:55 +0000  copying file ./data/PTNodeScene.0.attributes.pack ... 
2019-01-02 07:53:55 +0000  61 bytes for ./data/PTNodeScene.0.attributes.pack
copying file ./data/PTNodeScene.0.connections.pack ... 
2019-01-02 07:53:55 +0000  99 bytes for ./data/PTNodeScene.0.connections.pack
copying file ./data/PTNodeUI.0.attributes.pack ... 
2019-01-02 07:53:55 +0000  853 bytes for ./data/PTNodeUI.0.attributes.pack
copying file ./data/PTNodeUI.0.connections.pack ... 
2019-01-02 07:53:55 +0000  364 bytes for ./data/PTNodeUI.0.connections.pack
2019-01-02 07:53:55 +0000  copying file ./data/PTNodeUIStart.0.attributes.pack ... 
2019-01-02 07:53:55 +0000  59 bytes for ./data/PTNodeUIStart.0.attributes.pack
copying file ./data/PTNodeUIStart.0.connections.pack ... 
2019-01-02 07:53:55 +0000  23 bytes for ./data/PTNodeUIStart.0.connections.pack
copying file ./data/shaders/WaterReflection.fsh ... 
2019-01-02 07:53:55 +0000  699 bytes for ./data/shaders/WaterReflection.fsh
2019-01-02 07:53:55 +0000  copying file ./data/sounds/PTModelSound_ID6593.mp3 ... 
2019-01-02 07:53:55 +0000  2631052 bytes for ./data/sounds/PTModelSound_ID6593.mp3
copying file ./data/sounds/PTModelSound_ID6603.mp3 ... 
2019-01-02 07:53:55 +0000  106578 bytes for ./data/sounds/PTModelSound_ID6603.mp3
copying file ./data/sounds/PTModelSound_ID6611.mp3 ... 
128988 bytes for ./data/sounds/PTModelSound_ID6611.mp3
copying file ./data/sounds/PTModelSound_ID6614.mp3 ... 
29282 bytes for ./data/sounds/PTModelSound_ID6614.mp3
copying file ./data/sounds/PTModelSound_ID6618.mp3 ... 
7624 bytes for ./data/sounds/PTModelSound_ID6618.mp3
copying file ./data/sounds/PTModelSound_ID6630.mp3 ... 
2019-01-02 07:53:55 +0000  2631052 bytes for ./data/sounds/PTModelSound_ID6630.mp3
copying file ./data/sounds/PTModelSound_ID6633.mp3 ... 
2019-01-02 07:53:56 +0000  7624 bytes for ./data/sounds/PTModelSound_ID6633.mp3
copying file ./data/sounds/PTModelSound_ID6634.mp3 ... 
7624 bytes for ./data/sounds/PTModelSound_ID6634.mp3
copying file ./data/sounds/PTModelSound_ID6635.mp3 ... 
7624 bytes for ./data/sounds/PTModelSound_ID6635.mp3
copying file ./data/sounds/PTModelSound_ID6636.mp3 ... 
7624 bytes for ./data/sounds/PTModelSound_ID6636.mp3
copying file ./Default-2436h@3x.png ... 
14466 bytes for ./Default-2436h@3x.png
copying file ./Default-568h@2x.png ... 
4572 bytes for ./Default-568h@2x.png
copying file ./Default-667h@2x.png ... 
5904 bytes for ./Default-667h@2x.png
copying file ./Default-736h@3x.png ... 
14133 bytes for ./Default-736h@3x.png
copying file ./Default.png ... 
1388 bytes for ./Default.png
copying file ./Default@2x.png ... 
3895 bytes for ./Default@2x.png
copying file ./Default@2x~ipad.png ... 
14872 bytes for ./Default@2x~ipad.png
copying file ./Default~ipad.png ... 
4392 bytes for ./Default~ipad.png
copying file ./DISCLAIMER ... 
2019-01-02 07:53:56 +0000  107 bytes for ./DISCLAIMER
copying file ./embedded.mobileprovision ... 
7529 bytes for ./embedded.mobileprovision
copying file ./Info.plist ... 
2017 bytes for ./Info.plist
copying file ./LaunchImageLandscape-1100-Portrait-2436h@3x.png ... 
2019-01-02 07:53:56 +0000  14466 bytes for ./LaunchImageLandscape-1100-Portrait-2436h@3x.png
copying file ./LaunchImageLandscape-700-568h@2x.png ... 
4572 bytes for ./LaunchImageLandscape-700-568h@2x.png
copying file ./LaunchImageLandscape-700-Landscape@2x~ipad.png ... 
14872 bytes for ./LaunchImageLandscape-700-Landscape@2x~ipad.png
copying file ./LaunchImageLandscape-700-Landscape~ipad.png ... 
2019-01-02 07:53:56 +0000  4392 bytes for ./LaunchImageLandscape-700-Landscape~ipad.png
copying file ./LaunchImageLandscape-700@2x.png ... 
2019-01-02 07:53:56 +0000  3895 bytes for ./LaunchImageLandscape-700@2x.png
copying file ./LaunchImageLandscape-800-667h@2x.png ... 
2019-01-02 07:53:56 +0000  5904 bytes for ./LaunchImageLandscape-800-667h@2x.png
copying file ./LaunchImageLandscape-800-Portrait-736h@3x.png ... 
2019-01-02 07:53:56 +0000  14133 bytes for ./LaunchImageLandscape-800-Portrait-736h@3x.png
copying file ./LaunchImageLandscape.png ... 
2019-01-02 07:53:56 +0000  1388 bytes for ./LaunchImageLandscape.png
copying file ./PkgInfo ... 
8 bytes for ./PkgInfo
2019-01-02 07:53:56 +0000  /usr/bin/ditto exited with 0
2019-01-02 07:53:56 +0000  Processing step: IDEDistributionEmbedProfileStep
2019-01-02 07:53:56 +0000  Processing step: IDEDistributionItemRemovalStep
2019-01-02 07:53:56 +0000  Processing step: IDEDistributionAppThinningPlistStep
2019-01-02 07:53:56 +0000  Skipping step: IDEDistributionAppThinningPlistStep because it said so
2019-01-02 07:53:56 +0000  Processing step: IDEDistributionCompileBitcodeStep
2019-01-02 07:53:56 +0000  Skipping step: IDEDistributionCompileBitcodeStep because it said so
2019-01-02 07:53:56 +0000  Processing step: IDEDistributionCodeSlimmingStep
2019-01-02 07:53:56 +0000  Processing step: IDEDistributionCopyBCSymbolMapsStep
2019-01-02 07:53:56 +0000  Skipping step: IDEDistributionCopyBCSymbolMapsStep because it said so
2019-01-02 07:53:56 +0000  Processing step: IDEDistributionSymbolsStep
2019-01-02 07:53:56 +0000  Skipping step: IDEDistributionSymbolsStep because it said so
2019-01-02 07:53:56 +0000  Processing step: IDEDistributionCopyAppleProvidedContentStep
2019-01-02 07:53:56 +0000  Processing step: IDEDistributionAppThinningStep
2019-01-02 07:53:56 +0000  Skipping step: IDEDistributionAppThinningStep because it said so
2019-01-02 07:53:56 +0000  Processing step: IDEDistributionArchThinningStep
2019-01-02 07:53:56 +0000  Running /Applications/Xcode.app/Contents/Developer/Toolchains/XcodeDefault.xctoolchain/usr/bin/lipo '/var/folders/b3/3sg7v2bn5l12lzs2skbpl3nm0000gn/T/XcodeDistPipeline.xrw/Root/Payload/BBPlayer.app/BBPlayer' '-verify_arch' 'arm64e'
2019-01-02 07:53:56 +0000  /Applications/Xcode.app/Contents/Developer/Toolchains/XcodeDefault.xctoolchain/usr/bin/lipo exited with 1
2019-01-02 07:53:56 +0000  Skipping architecture thinning for item "BBPlayer" because arch "arm64e" wasn't found
2019-01-02 07:53:56 +0000  Processing step: IDEDistributionODRStep
2019-01-02 07:53:56 +0000  Processing step: IDEDistributionStripXattrsStep
2019-01-02 07:53:56 +0000  Running /usr/bin/xattr '-crs' '/var/folders/b3/3sg7v2bn5l12lzs2skbpl3nm0000gn/T/XcodeDistPipeline.xrw/Root/Payload/BBPlayer.app'
2019-01-02 07:53:57 +0000  /usr/bin/xattr exited with 0
2019-01-02 07:53:57 +0000  Processing step: IDEDistributionCodesignStep
2019-01-02 07:53:57 +0000  Entitlements for <IDEDistributionItem: 0x7ffb61163520 'com.ntamtech.titoandthemummy' '<DVTFilePath:0x7ffb7d2674e0:'/Users/ntam/Library/Developer/Xcode/Archives/2019-01-02/BBPlayer 1-2-19, 9.53 AM.xcarchive/Products/Applications/BBPlayer.app'>'>: {
    "application-identifier" = "GB8MX953C7.com.ntamtech.titoandthemummy";
    "beta-reports-active" = 1;
    "com.apple.developer.team-identifier" = GB8MX953C7;
    "get-task-allow" = 0;
    "keychain-access-groups" =     (
        "GB8MX953C7.com.ntamtech.titoandthemummy"
    );
}
2019-01-02 07:53:57 +0000  Writing entitlements for <IDEDistributionItem: 0x7ffb61163520 'com.ntamtech.titoandthemummy' '<DVTFilePath:0x7ffb7d2674e0:'/Users/ntam/Library/Developer/Xcode/Archives/2019-01-02/BBPlayer 1-2-19, 9.53 AM.xcarchive/Products/Applications/BBPlayer.app'>'> to: /var/folders/b3/3sg7v2bn5l12lzs2skbpl3nm0000gn/T/XcodeDistPipeline.xrw/entitlementsxKBC1A
2019-01-02 07:53:57 +0000  Running /usr/bin/codesign '-vvv' '--force' '--sign' 'AC8251BE70958FD191F57FDDA0B97FC910D5472D' '--entitlements' '/var/folders/b3/3sg7v2bn5l12lzs2skbpl3nm0000gn/T/XcodeDistPipeline.xrw/entitlementsxKBC1A' '--preserve-metadata=identifier,flags,runtime' '/var/folders/b3/3sg7v2bn5l12lzs2skbpl3nm0000gn/T/XcodeDistPipeline.xrw/Root/Payload/BBPlayer.app'
2019-01-02 07:53:58 +0000  /var/folders/b3/3sg7v2bn5l12lzs2skbpl3nm0000gn/T/XcodeDistPipeline.xrw/Root/Payload/BBPlayer.app: replacing existing signature
2019-01-02 07:54:06 +0000  /var/folders/b3/3sg7v2bn5l12lzs2skbpl3nm0000gn/T/XcodeDistPipeline.xrw/Root/Payload/BBPlayer.app: signed app bundle with Mach-O universal (armv7 arm64) [com.ntamtech.titoandthemummy]
2019-01-02 07:54:06 +0000  /usr/bin/codesign exited with 0
2019-01-02 07:54:06 +0000  Processing step: IDEDistributionZipODRItemStep
2019-01-02 07:54:06 +0000  Skipping step: IDEDistributionZipODRItemStep because it said so
2019-01-02 07:54:06 +0000  Processing step: IDEDistributionCreateIPAStep
2019-01-02 07:54:06 +0000  Running /usr/bin/ditto '-V' '-c' '-k' '--norsrc' '/var/folders/b3/3sg7v2bn5l12lzs2skbpl3nm0000gn/T/XcodeDistPipeline.xrw/Root' '/var/folders/b3/3sg7v2bn5l12lzs2skbpl3nm0000gn/T/XcodeDistPipeline.xrw/Packages/BBPlayer.ipa'
2019-01-02 07:54:06 +0000  >>> Copying /var/folders/b3/3sg7v2bn5l12lzs2skbpl3nm0000gn/T/XcodeDistPipeline.xrw/Root 
2019-01-02 07:54:06 +0000  copying file ./Payload/BBPlayer.app/_CodeSignature/CodeResources ... 
2019-01-02 07:54:06 +0000  67541 bytes for ./Payload/BBPlayer.app/_CodeSignature/CodeResources
2019-01-02 07:54:06 +0000  copying file ./Payload/BBPlayer.app/AppIcon20x20@2x.png ... 
2019-01-02 07:54:06 +0000  6433 bytes for ./Payload/BBPlayer.app/AppIcon20x20@2x.png
copying file ./Payload/BBPlayer.app/AppIcon20x20@2x~ipad.png ... 
2019-01-02 07:54:06 +0000  6433 bytes for ./Payload/BBPlayer.app/AppIcon20x20@2x~ipad.png
2019-01-02 07:54:06 +0000  copying file ./Payload/BBPlayer.app/AppIcon20x20@3x.png ... 
2019-01-02 07:54:06 +0000  12125 bytes for ./Payload/BBPlayer.app/AppIcon20x20@3x.png
2019-01-02 07:54:06 +0000  copying file ./Payload/BBPlayer.app/AppIcon20x20~ipad.png ... 
2019-01-02 07:54:06 +0000  2732 bytes for ./Payload/BBPlayer.app/AppIcon20x20~ipad.png
copying file ./Payload/BBPlayer.app/AppIcon29x29@2x.png ... 
2019-01-02 07:54:06 +0000  11517 bytes for ./Payload/BBPlayer.app/AppIcon29x29@2x.png
2019-01-02 07:54:06 +0000  copying file ./Payload/BBPlayer.app/AppIcon29x29@2x~ipad.png ... 
2019-01-02 07:54:06 +0000  11517 bytes for ./Payload/BBPlayer.app/AppIcon29x29@2x~ipad.png
2019-01-02 07:54:06 +0000  copying file ./Payload/BBPlayer.app/AppIcon29x29@3x.png ... 
2019-01-02 07:54:06 +0000  22468 bytes for ./Payload/BBPlayer.app/AppIcon29x29@3x.png
copying file ./Payload/BBPlayer.app/AppIcon29x29~ipad.png ... 
2019-01-02 07:54:06 +0000  4120 bytes for ./Payload/BBPlayer.app/AppIcon29x29~ipad.png
copying file ./Payload/BBPlayer.app/AppIcon40x40@2x.png ... 
2019-01-02 07:54:06 +0000  19633 bytes for ./Payload/BBPlayer.app/AppIcon40x40@2x.png
copying file ./Payload/BBPlayer.app/AppIcon40x40@2x~ipad.png ... 
2019-01-02 07:54:06 +0000  19633 bytes for ./Payload/BBPlayer.app/AppIcon40x40@2x~ipad.png
copying file ./Payload/BBPlayer.app/AppIcon40x40@3x.png ... 
2019-01-02 07:54:06 +0000  38436 bytes for ./Payload/BBPlayer.app/AppIcon40x40@3x.png
copying file ./Payload/BBPlayer.app/AppIcon40x40~ipad.png ... 
2019-01-02 07:54:06 +0000  6433 bytes for ./Payload/BBPlayer.app/AppIcon40x40~ipad.png
copying file ./Payload/BBPlayer.app/AppIcon60x60@2x.png ... 
2019-01-02 07:54:06 +0000  38436 bytes for ./Payload/BBPlayer.app/AppIcon60x60@2x.png
copying file ./Payload/BBPlayer.app/AppIcon60x60@3x.png ... 
2019-01-02 07:54:06 +0000  76112 bytes for ./Payload/BBPlayer.app/AppIcon60x60@3x.png
copying file ./Payload/BBPlayer.app/AppIcon76x76@2x~ipad.png ... 
2019-01-02 07:54:06 +0000  57086 bytes for ./Payload/BBPlayer.app/AppIcon76x76@2x~ipad.png
copying file ./Payload/BBPlayer.app/AppIcon76x76~ipad.png ... 
2019-01-02 07:54:06 +0000  17998 bytes for ./Payload/BBPlayer.app/AppIcon76x76~ipad.png
copying file ./Payload/BBPlayer.app/AppIcon83.5x83.5@2x~ipad.png ... 
2019-01-02 07:54:06 +0000  66932 bytes for ./Payload/BBPlayer.app/AppIcon83.5x83.5@2x~ipad.png
copying file ./Payload/BBPlayer.app/Assets.car ... 
2019-01-02 07:54:06 +0000  2114120 bytes for ./Payload/BBPlayer.app/Assets.car
2019-01-02 07:54:06 +0000  copying file ./Payload/BBPlayer.app/Base.lproj/Main.storyboardc/BV1-FR-VrT-view-3se-qz-xqx.nib ... 
2019-01-02 07:54:06 +0000  1878 bytes for ./Payload/BBPlayer.app/Base.lproj/Main.storyboardc/BV1-FR-VrT-view-3se-qz-xqx.nib
copying file ./Payload/BBPlayer.app/Base.lproj/Main.storyboardc/Info.plist ... 
2019-01-02 07:54:06 +0000  258 bytes for ./Payload/BBPlayer.app/Base.lproj/Main.storyboardc/Info.plist
copying file ./Payload/BBPlayer.app/Base.lproj/Main.storyboardc/UIViewController-BV1-FR-VrT.nib ... 
2019-01-02 07:54:06 +0000  920 bytes for ./Payload/BBPlayer.app/Base.lproj/Main.storyboardc/UIViewController-BV1-FR-VrT.nib
copying file ./Payload/BBPlayer.app/BBPlayer ... 
2019-01-02 07:54:07 +0000  8060816 bytes for ./Payload/BBPlayer.app/BBPlayer
2019-01-02 07:54:07 +0000  copying file ./Payload/BBPlayer.app/data/atlases/atlas_ID107.plist ... 
2019-01-02 07:54:07 +0000  26802 bytes for ./Payload/BBPlayer.app/data/atlases/atlas_ID107.plist
2019-01-02 07:54:07 +0000  copying file ./Payload/BBPlayer.app/data/atlases/atlas_ID107.png ... 
2019-01-02 07:54:07 +0000  602472 bytes for ./Payload/BBPlayer.app/data/atlases/atlas_ID107.png
copying file ./Payload/BBPlayer.app/data/atlases/atlas_ID1897.plist ... 
2019-01-02 07:54:07 +0000  22396 bytes for ./Payload/BBPlayer.app/data/atlases/atlas_ID1897.plist
copying file ./Payload/BBPlayer.app/data/atlases/atlas_ID1897.png ... 
2019-01-02 07:54:07 +0000  1609316 bytes for ./Payload/BBPlayer.app/data/atlases/atlas_ID1897.png
copying file ./Payload/BBPlayer.app/data/atlases/atlas_ID1940.plist ... 
2019-01-02 07:54:07 +0000  9297 bytes for ./Payload/BBPlayer.app/data/atlases/atlas_ID1940.plist
2019-01-02 07:54:07 +0000  copying file ./Payload/BBPlayer.app/data/atlases/atlas_ID1940.png ... 
2019-01-02 07:54:07 +0000  1659782 bytes for ./Payload/BBPlayer.app/data/atlases/atlas_ID1940.png
copying file ./Payload/BBPlayer.app/data/atlases/atlas_ID1944.plist ... 
2019-01-02 07:54:07 +0000  7297 bytes for ./Payload/BBPlayer.app/data/atlases/atlas_ID1944.plist
copying file ./Payload/BBPlayer.app/data/atlases/atlas_ID1944.png ... 
2019-01-02 07:54:07 +0000  1694581 bytes for ./Payload/BBPlayer.app/data/atlases/atlas_ID1944.png
copying file ./Payload/BBPlayer.app/data/atlases/atlas_ID1949.plist ... 
2019-01-02 07:54:07 +0000  7790 bytes for ./Payload/BBPlayer.app/data/atlases/atlas_ID1949.plist
2019-01-02 07:54:07 +0000  copying file ./Payload/BBPlayer.app/data/atlases/atlas_ID1949.png ... 
2019-01-02 07:54:07 +0000  1786909 bytes for ./Payload/BBPlayer.app/data/atlases/atlas_ID1949.png
copying file ./Payload/BBPlayer.app/data/atlases/atlas_ID1964.plist ... 
2019-01-02 07:54:07 +0000  5257 bytes for ./Payload/BBPlayer.app/data/atlases/atlas_ID1964.plist
copying file ./Payload/BBPlayer.app/data/atlases/atlas_ID1964.png ... 
2019-01-02 07:54:07 +0000  1682924 bytes for ./Payload/BBPlayer.app/data/atlases/atlas_ID1964.png
2019-01-02 07:54:07 +0000  copying file ./Payload/BBPlayer.app/data/atlases/atlas_ID1969.plist ... 
2019-01-02 07:54:07 +0000  5263 bytes for ./Payload/BBPlayer.app/data/atlases/atlas_ID1969.plist
copying file ./Payload/BBPlayer.app/data/atlases/atlas_ID1969.png ... 
2019-01-02 07:54:07 +0000  1516156 bytes for ./Payload/BBPlayer.app/data/atlases/atlas_ID1969.png
copying file ./Payload/BBPlayer.app/data/atlases/atlas_ID1980.plist ... 
2019-01-02 07:54:07 +0000  4258 bytes for ./Payload/BBPlayer.app/data/atlases/atlas_ID1980.plist
copying file ./Payload/BBPlayer.app/data/atlases/atlas_ID1980.png ... 
2019-01-02 07:54:07 +0000  1282393 bytes for ./Payload/BBPlayer.app/data/atlases/atlas_ID1980.png
copying file ./Payload/BBPlayer.app/data/atlases/atlas_ID2278.plist ... 
2019-01-02 07:54:07 +0000  5251 bytes for ./Payload/BBPlayer.app/data/atlases/atlas_ID2278.plist
copying file ./Payload/BBPlayer.app/data/atlases/atlas_ID2278.png ... 
2019-01-02 07:54:07 +0000  1403477 bytes for ./Payload/BBPlayer.app/data/atlases/atlas_ID2278.png
copying file ./Payload/BBPlayer.app/data/atlases/atlas_ID2412.plist ... 
2019-01-02 07:54:07 +0000  4743 bytes for ./Payload/BBPlayer.app/data/atlases/atlas_ID2412.plist
copying file ./Payload/BBPlayer.app/data/atlases/atlas_ID2412.png ... 
2019-01-02 07:54:07 +0000  1122455 bytes for ./Payload/BBPlayer.app/data/atlases/atlas_ID2412.png
copying file ./Payload/BBPlayer.app/data/atlases/atlas_ID2585.plist ... 
2019-01-02 07:54:07 +0000  5251 bytes for ./Payload/BBPlayer.app/data/atlases/atlas_ID2585.plist
copying file ./Payload/BBPlayer.app/data/atlases/atlas_ID2585.png ... 
2019-01-02 07:54:08 +0000  1026202 bytes for ./Payload/BBPlayer.app/data/atlases/atlas_ID2585.png
copying file ./Payload/BBPlayer.app/data/atlases/atlas_ID3400.plist ... 
2019-01-02 07:54:08 +0000  9801 bytes for ./Payload/BBPlayer.app/data/atlases/atlas_ID3400.plist
copying file ./Payload/BBPlayer.app/data/atlases/atlas_ID3400.png ... 
2019-01-02 07:54:08 +0000  847715 bytes for ./Payload/BBPlayer.app/data/atlases/atlas_ID3400.png
copying file ./Payload/BBPlayer.app/data/atlases/atlas_ID3421.plist ... 
2019-01-02 07:54:08 +0000  9799 bytes for ./Payload/BBPlayer.app/data/atlases/atlas_ID3421.plist
copying file ./Payload/BBPlayer.app/data/atlases/atlas_ID3421.png ... 
2019-01-02 07:54:08 +0000  1343437 bytes for ./Payload/BBPlayer.app/data/atlases/atlas_ID3421.png
copying file ./Payload/BBPlayer.app/data/atlases/atlas_ID3519.plist ... 
2019-01-02 07:54:08 +0000  3245 bytes for ./Payload/BBPlayer.app/data/atlases/atlas_ID3519.plist
copying file ./Payload/BBPlayer.app/data/atlases/atlas_ID3519.png ... 
2019-01-02 07:54:08 +0000  1502951 bytes for ./Payload/BBPlayer.app/data/atlases/atlas_ID3519.png
copying file ./Payload/BBPlayer.app/data/atlases/atlas_ID3523.plist ... 
2019-01-02 07:54:08 +0000  3236 bytes for ./Payload/BBPlayer.app/data/atlases/atlas_ID3523.plist
copying file ./Payload/BBPlayer.app/data/atlases/atlas_ID3523.png ... 
2019-01-02 07:54:08 +0000  1321532 bytes for ./Payload/BBPlayer.app/data/atlases/atlas_ID3523.png
copying file ./Payload/BBPlayer.app/data/atlases/atlas_ID3527.plist ... 
2019-01-02 07:54:08 +0000  3240 bytes for ./Payload/BBPlayer.app/data/atlases/atlas_ID3527.plist
copying file ./Payload/BBPlayer.app/data/atlases/atlas_ID3527.png ... 
2019-01-02 07:54:08 +0000  1619799 bytes for ./Payload/BBPlayer.app/data/atlases/atlas_ID3527.png
copying file ./Payload/BBPlayer.app/data/atlases/atlas_ID3530.plist ... 
2019-01-02 07:54:08 +0000  1719 bytes for ./Payload/BBPlayer.app/data/atlases/atlas_ID3530.plist
copying file ./Payload/BBPlayer.app/data/atlases/atlas_ID3530.png ... 
2019-01-02 07:54:08 +0000  406157 bytes for ./Payload/BBPlayer.app/data/atlases/atlas_ID3530.png
copying file ./Payload/BBPlayer.app/data/atlases/atlas_ID4001.plist ... 
2019-01-02 07:54:08 +0000  2220 bytes for ./Payload/BBPlayer.app/data/atlases/atlas_ID4001.plist
copying file ./Payload/BBPlayer.app/data/atlases/atlas_ID4001.png ... 
2019-01-02 07:54:08 +0000  1718079 bytes for ./Payload/BBPlayer.app/data/atlases/atlas_ID4001.png
2019-01-02 07:54:08 +0000  copying file ./Payload/BBPlayer.app/data/atlases/atlas_ID4008.plist ... 
2019-01-02 07:54:08 +0000  2219 bytes for ./Payload/BBPlayer.app/data/atlases/atlas_ID4008.plist
copying file ./Payload/BBPlayer.app/data/atlases/atlas_ID4008.png ... 
2019-01-02 07:54:08 +0000  1361287 bytes for ./Payload/BBPlayer.app/data/atlases/atlas_ID4008.png
copying file ./Payload/BBPlayer.app/data/atlases/atlas_ID4173.plist ... 
2019-01-02 07:54:08 +0000  2732 bytes for ./Payload/BBPlayer.app/data/atlases/atlas_ID4173.plist
copying file ./Payload/BBPlayer.app/data/atlases/atlas_ID4173.png ... 
2019-01-02 07:54:08 +0000  1206867 bytes for ./Payload/BBPlayer.app/data/atlases/atlas_ID4173.png
copying file ./Payload/BBPlayer.app/data/atlases/atlas_ID4176.plist ... 
2019-01-02 07:54:08 +0000  2746 bytes for ./Payload/BBPlayer.app/data/atlases/atlas_ID4176.plist
copying file ./Payload/BBPlayer.app/data/atlases/atlas_ID4176.png ... 
2019-01-02 07:54:08 +0000  890517 bytes for ./Payload/BBPlayer.app/data/atlases/atlas_ID4176.png
copying file ./Payload/BBPlayer.app/data/atlases/atlas_ID4180.plist ... 
2019-01-02 07:54:08 +0000  2733 bytes for ./Payload/BBPlayer.app/data/atlases/atlas_ID4180.plist
copying file ./Payload/BBPlayer.app/data/atlases/atlas_ID4180.png ... 
2019-01-02 07:54:08 +0000  1049286 bytes for ./Payload/BBPlayer.app/data/atlases/atlas_ID4180.png
copying file ./Payload/BBPlayer.app/data/atlases/atlas_ID4184.plist ... 
2019-01-02 07:54:08 +0000  2734 bytes for ./Payload/BBPlayer.app/data/atlases/atlas_ID4184.plist
copying file ./Payload/BBPlayer.app/data/atlases/atlas_ID4184.png ... 
2019-01-02 07:54:08 +0000  880297 bytes for ./Payload/BBPlayer.app/data/atlases/atlas_ID4184.png
copying file ./Payload/BBPlayer.app/data/atlases/atlas_ID4187.plist ... 
2019-01-02 07:54:08 +0000  2224 bytes for ./Payload/BBPlayer.app/data/atlases/atlas_ID4187.plist
copying file ./Payload/BBPlayer.app/data/atlases/atlas_ID4187.png ... 
2019-01-02 07:54:08 +0000  945295 bytes for ./Payload/BBPlayer.app/data/atlases/atlas_ID4187.png
copying file ./Payload/BBPlayer.app/data/atlases/atlas_ID4192.plist ... 
2019-01-02 07:54:08 +0000  2223 bytes for ./Payload/BBPlayer.app/data/atlases/atlas_ID4192.plist
copying file ./Payload/BBPlayer.app/data/atlases/atlas_ID4192.png ... 
2019-01-02 07:54:08 +0000  884187 bytes for ./Payload/BBPlayer.app/data/atlases/atlas_ID4192.png
copying file ./Payload/BBPlayer.app/data/atlases/atlas_ID4195.plist ... 
2019-01-02 07:54:08 +0000  2224 bytes for ./Payload/BBPlayer.app/data/atlases/atlas_ID4195.plist
copying file ./Payload/BBPlayer.app/data/atlases/atlas_ID4195.png ... 
2019-01-02 07:54:08 +0000  900780 bytes for ./Payload/BBPlayer.app/data/atlases/atlas_ID4195.png
copying file ./Payload/BBPlayer.app/data/atlases/atlas_ID5279.plist ... 
2019-01-02 07:54:08 +0000  1208 bytes for ./Payload/BBPlayer.app/data/atlases/atlas_ID5279.plist
copying file ./Payload/BBPlayer.app/data/atlases/atlas_ID5279.png ... 
2019-01-02 07:54:08 +0000  411095 bytes for ./Payload/BBPlayer.app/data/atlases/atlas_ID5279.png
copying file ./Payload/BBPlayer.app/data/atlases/atlas_ID5802.plist ... 
2019-01-02 07:54:08 +0000  1208 bytes for ./Payload/BBPlayer.app/data/atlases/atlas_ID5802.plist
2019-01-02 07:54:08 +0000  copying file ./Payload/BBPlayer.app/data/atlases/atlas_ID5802.png ... 
2019-01-02 07:54:08 +0000  411095 bytes for ./Payload/BBPlayer.app/data/atlases/atlas_ID5802.png
copying file ./Payload/BBPlayer.app/data/atlases/atlas_ID5814.plist ... 
2019-01-02 07:54:08 +0000  1711 bytes for ./Payload/BBPlayer.app/data/atlases/atlas_ID5814.plist
2019-01-02 07:54:08 +0000  copying file ./Payload/BBPlayer.app/data/atlases/atlas_ID5814.png ... 
2019-01-02 07:54:08 +0000  624968 bytes for ./Payload/BBPlayer.app/data/atlases/atlas_ID5814.png
copying file ./Payload/BBPlayer.app/data/atlases/atlas_ID5821.plist ... 
2019-01-02 07:54:08 +0000  1711 bytes for ./Payload/BBPlayer.app/data/atlases/atlas_ID5821.plist
copying file ./Payload/BBPlayer.app/data/atlases/atlas_ID5821.png ... 
2019-01-02 07:54:09 +0000  658953 bytes for ./Payload/BBPlayer.app/data/atlases/atlas_ID5821.png
copying file ./Payload/BBPlayer.app/data/atlases/atlas_ID5828.plist ... 
2019-01-02 07:54:09 +0000  1208 bytes for ./Payload/BBPlayer.app/data/atlases/atlas_ID5828.plist
copying file ./Payload/BBPlayer.app/data/atlases/atlas_ID5828.png ... 
2019-01-02 07:54:09 +0000  411095 bytes for ./Payload/BBPlayer.app/data/atlases/atlas_ID5828.png
copying file ./Payload/BBPlayer.app/data/atlases/atlas_ID5832.plist ... 
2019-01-02 07:54:09 +0000  1208 bytes for ./Payload/BBPlayer.app/data/atlases/atlas_ID5832.plist
copying file ./Payload/BBPlayer.app/data/atlases/atlas_ID5832.png ... 
2019-01-02 07:54:09 +0000  411095 bytes for ./Payload/BBPlayer.app/data/atlases/atlas_ID5832.png
copying file ./Payload/BBPlayer.app/data/atlases/atlas_ID5840.plist ... 
2019-01-02 07:54:09 +0000  2734 bytes for ./Payload/BBPlayer.app/data/atlases/atlas_ID5840.plist
copying file ./Payload/BBPlayer.app/data/atlases/atlas_ID5840.png ... 
2019-01-02 07:54:09 +0000  1067874 bytes for ./Payload/BBPlayer.app/data/atlases/atlas_ID5840.png
copying file ./Payload/BBPlayer.app/data/atlases/atlas_ID6327.plist ... 
2019-01-02 07:54:09 +0000  2730 bytes for ./Payload/BBPlayer.app/data/atlases/atlas_ID6327.plist
copying file ./Payload/BBPlayer.app/data/atlases/atlas_ID6327.png ... 
2019-01-02 07:54:09 +0000  1038756 bytes for ./Payload/BBPlayer.app/data/atlases/atlas_ID6327.png
copying file ./Payload/BBPlayer.app/data/atlases/atlas_ID6335.plist ... 
2019-01-02 07:54:09 +0000  2224 bytes for ./Payload/BBPlayer.app/data/atlases/atlas_ID6335.plist
copying file ./Payload/BBPlayer.app/data/atlases/atlas_ID6335.png ... 
2019-01-02 07:54:09 +0000  857649 bytes for ./Payload/BBPlayer.app/data/atlases/atlas_ID6335.png
2019-01-02 07:54:09 +0000  copying file ./Payload/BBPlayer.app/data/fonts/PTModelFont_ID2.fnt ... 
2019-01-02 07:54:09 +0000  13286 bytes for ./Payload/BBPlayer.app/data/fonts/PTModelFont_ID2.fnt
2019-01-02 07:54:09 +0000  copying file ./Payload/BBPlayer.app/data/fonts/PTModelFont_ID2.png ... 
2019-01-02 07:54:09 +0000  56007 bytes for ./Payload/BBPlayer.app/data/fonts/PTModelFont_ID2.png
2019-01-02 07:54:09 +0000  copying file ./Payload/BBPlayer.app/data/fx/flagMap.png ... 
2019-01-02 07:54:09 +0000  408 bytes for ./Payload/BBPlayer.app/data/fx/flagMap.png
copying file ./Payload/BBPlayer.app/data/fx/lightMap.png ... 
2019-01-02 07:54:09 +0000  8541 bytes for ./Payload/BBPlayer.app/data/fx/lightMap.png
2019-01-02 07:54:09 +0000  copying file ./Payload/BBPlayer.app/data/fx/trailMap.png ... 
216 bytes for ./Payload/BBPlayer.app/data/fx/trailMap.png
2019-01-02 07:54:09 +0000  copying file ./Payload/BBPlayer.app/data/Keys.pack ... 
2019-01-02 07:54:09 +0000  3871 bytes for ./Payload/BBPlayer.app/data/Keys.pack
copying file ./Payload/BBPlayer.app/data/PTModelAnimation.0.attributes.pack ... 
2019-01-02 07:54:09 +0000  3009 bytes for ./Payload/BBPlayer.app/data/PTModelAnimation.0.attributes.pack
copying file ./Payload/BBPlayer.app/data/PTModelAnimation.0.connections.pack ... 
2019-01-02 07:54:09 +0000  429 bytes for ./Payload/BBPlayer.app/data/PTModelAnimation.0.connections.pack
copying file ./Payload/BBPlayer.app/data/PTModelAssetCharacter.0.attributes.pack ... 
2019-01-02 07:54:09 +0000  175 bytes for ./Payload/BBPlayer.app/data/PTModelAssetCharacter.0.attributes.pack
copying file ./Payload/BBPlayer.app/data/PTModelAssetCharacter.0.connections.pack ... 
2019-01-02 07:54:09 +0000  48 bytes for ./Payload/BBPlayer.app/data/PTModelAssetCharacter.0.connections.pack
copying file ./Payload/BBPlayer.app/data/PTModelAssetObstacle.0.attributes.pack ... 
2019-01-02 07:54:09 +0000  1677 bytes for ./Payload/BBPlayer.app/data/PTModelAssetObstacle.0.attributes.pack
copying file ./Payload/BBPlayer.app/data/PTModelAssetObstacle.0.connections.pack ... 
2019-01-02 07:54:09 +0000  653 bytes for ./Payload/BBPlayer.app/data/PTModelAssetObstacle.0.connections.pack
copying file ./Payload/BBPlayer.app/data/PTModelAssetPowerup.0.attributes.pack ... 
2019-01-02 07:54:09 +0000  2662 bytes for ./Payload/BBPlayer.app/data/PTModelAssetPowerup.0.attributes.pack
copying file ./Payload/BBPlayer.app/data/PTModelAssetPowerup.0.connections.pack ... 
2019-01-02 07:54:09 +0000  91 bytes for ./Payload/BBPlayer.app/data/PTModelAssetPowerup.0.connections.pack
copying file ./Payload/BBPlayer.app/data/PTModelAtlas.0.attributes.pack ... 
2019-01-02 07:54:09 +0000  2859 bytes for ./Payload/BBPlayer.app/data/PTModelAtlas.0.attributes.pack
copying file ./Payload/BBPlayer.app/data/PTModelAtlas.0.connections.pack ... 
2019-01-02 07:54:09 +0000  1128 bytes for ./Payload/BBPlayer.app/data/PTModelAtlas.0.connections.pack
copying file ./Payload/BBPlayer.app/data/PTModelCircle.0.attributes.pack ... 
2019-01-02 07:54:09 +0000  310 bytes for ./Payload/BBPlayer.app/data/PTModelCircle.0.attributes.pack
copying file ./Payload/BBPlayer.app/data/PTModelCircle.0.connections.pack ... 
2019-01-02 07:54:09 +0000  25 bytes for ./Payload/BBPlayer.app/data/PTModelCircle.0.connections.pack
copying file ./Payload/BBPlayer.app/data/PTModelComponentCharacterGameplaySettings.0.attributes.pack ... 
2019-01-02 07:54:09 +0000  361 bytes for ./Payload/BBPlayer.app/data/PTModelComponentCharacterGameplaySettings.0.attributes.pack
copying file ./Payload/BBPlayer.app/data/PTModelComponentCharacterGameplaySettings.0.connections.pack ... 
2019-01-02 07:54:09 +0000  5 bytes for ./Payload/BBPlayer.app/data/PTModelComponentCharacterGameplaySettings.0.connections.pack
copying file ./Payload/BBPlayer.app/data/PTModelComponentDeletionThreshold.0.attributes.pack ... 
2019-01-02 07:54:09 +0000  103 bytes for ./Payload/BBPlayer.app/data/PTModelComponentDeletionThreshold.0.attributes.pack
copying file ./Payload/BBPlayer.app/data/PTModelComponentDeletionThreshold.0.connections.pack ... 
2019-01-02 07:54:09 +0000  5 bytes for ./Payload/BBPlayer.app/data/PTModelComponentDeletionThreshold.0.connections.pack
copying file ./Payload/BBPlayer.app/data/PTModelComponentForcedMovement.0.attributes.pack ... 
2019-01-02 07:54:09 +0000  106 bytes for ./Payload/BBPlayer.app/data/PTModelComponentForcedMovement.0.attributes.pack
copying file ./Payload/BBPlayer.app/data/PTModelComponentForcedMovement.0.connections.pack ... 
2019-01-02 07:54:09 +0000  5 bytes for ./Payload/BBPlayer.app/data/PTModelComponentForcedMovement.0.connections.pack
copying file ./Payload/BBPlayer.app/data/PTModelComponentHealth.0.attributes.pack ... 
2019-01-02 07:54:09 +0000  270 bytes for ./Payload/BBPlayer.app/data/PTModelComponentHealth.0.attributes.pack
copying file ./Payload/BBPlayer.app/data/PTModelComponentHealth.0.connections.pack ... 
2019-01-02 07:54:09 +0000  22 bytes for ./Payload/BBPlayer.app/data/PTModelComponentHealth.0.connections.pack
copying file ./Payload/BBPlayer.app/data/PTModelComponentSpawner.0.attributes.pack ... 
2019-01-02 07:54:09 +0000  80 bytes for ./Payload/BBPlayer.app/data/PTModelComponentSpawner.0.attributes.pack
copying file ./Payload/BBPlayer.app/data/PTModelComponentSpawner.0.connections.pack ... 
2019-01-02 07:54:09 +0000  5 bytes for ./Payload/BBPlayer.app/data/PTModelComponentSpawner.0.connections.pack
copying file ./Payload/BBPlayer.app/data/PTModelComponentWakeup.0.attributes.pack ... 
2019-01-02 07:54:09 +0000  1368 bytes for ./Payload/BBPlayer.app/data/PTModelComponentWakeup.0.attributes.pack
copying file ./Payload/BBPlayer.app/data/PTModelComponentWakeup.0.connections.pack ... 
2019-01-02 07:54:09 +0000  60 bytes for ./Payload/BBPlayer.app/data/PTModelComponentWakeup.0.connections.pack
copying file ./Payload/BBPlayer.app/data/PTModelFont.0.attributes.pack ... 
2019-01-02 07:54:09 +0000  283 bytes for ./Payload/BBPlayer.app/data/PTModelFont.0.attributes.pack
copying file ./Payload/BBPlayer.app/data/PTModelFont.0.connections.pack ... 
2019-01-02 07:54:09 +0000  3 bytes for ./Payload/BBPlayer.app/data/PTModelFont.0.connections.pack
copying file ./Payload/BBPlayer.app/data/PTModelGeneralSettings.0.attributes.pack ... 
2019-01-02 07:54:09 +0000  1030 bytes for ./Payload/BBPlayer.app/data/PTModelGeneralSettings.0.attributes.pack
copying file ./Payload/BBPlayer.app/data/PTModelGeneralSettings.0.connections.pack ... 
2019-01-02 07:54:09 +0000  10 bytes for ./Payload/BBPlayer.app/data/PTModelGeneralSettings.0.connections.pack
copying file ./Payload/BBPlayer.app/data/PTModelLevelSection.0.attributes.pack ... 
2019-01-02 07:54:09 +0000  2390 bytes for ./Payload/BBPlayer.app/data/PTModelLevelSection.0.attributes.pack
copying file ./Payload/BBPlayer.app/data/PTModelLevelSection.0.connections.pack ... 
2019-01-02 07:54:09 +0000  1728 bytes for ./Payload/BBPlayer.app/data/PTModelLevelSection.0.connections.pack
copying file ./Payload/BBPlayer.app/data/PTModelLinker.0.attributes.pack ... 
2019-01-02 07:54:09 +0000  1005 bytes for ./Payload/BBPlayer.app/data/PTModelLinker.0.attributes.pack
copying file ./Payload/BBPlayer.app/data/PTModelLinker.0.connections.pack ... 
2019-01-02 07:54:09 +0000  285 bytes for ./Payload/BBPlayer.app/data/PTModelLinker.0.connections.pack
copying file ./Payload/BBPlayer.app/data/PTModelObjectAssetCharacter.0.attributes.pack ... 
2019-01-02 07:54:09 +0000  171 bytes for ./Payload/BBPlayer.app/data/PTModelObjectAssetCharacter.0.attributes.pack
copying file ./Payload/BBPlayer.app/data/PTModelObjectAssetCharacter.0.connections.pack ... 
2019-01-02 07:54:09 +0000  11 bytes for ./Payload/BBPlayer.app/data/PTModelObjectAssetCharacter.0.connections.pack
copying file ./Payload/BBPlayer.app/data/PTModelObjectAssetPowerup.0.attributes.pack ... 
2019-01-02 07:54:09 +0000  17706 bytes for ./Payload/BBPlayer.app/data/PTModelObjectAssetPowerup.0.attributes.pack
2019-01-02 07:54:09 +0000  copying file ./Payload/BBPlayer.app/data/PTModelObjectAssetPowerup.0.connections.pack ... 
2019-01-02 07:54:09 +0000  1133 bytes for ./Payload/BBPlayer.app/data/PTModelObjectAssetPowerup.0.connections.pack
copying file ./Payload/BBPlayer.app/data/PTModelObjectAssetUnit.0.attributes.pack ... 
2019-01-02 07:54:09 +0000  132475 bytes for ./Payload/BBPlayer.app/data/PTModelObjectAssetUnit.0.attributes.pack
copying file ./Payload/BBPlayer.app/data/PTModelObjectAssetUnit.0.connections.pack ... 
2019-01-02 07:54:09 +0000  4371 bytes for ./Payload/BBPlayer.app/data/PTModelObjectAssetUnit.0.connections.pack
2019-01-02 07:54:09 +0000  copying file ./Payload/BBPlayer.app/data/PTModelObjectBackground.0.attributes.pack ... 
474 bytes for ./Payload/BBPlayer.app/data/PTModelObjectBackground.0.attributes.pack
copying file ./Payload/BBPlayer.app/data/PTModelObjectBackground.0.connections.pack ... 
2019-01-02 07:54:09 +0000  24 bytes for ./Payload/BBPlayer.app/data/PTModelObjectBackground.0.connections.pack
copying file ./Payload/BBPlayer.app/data/PTModelObjectButton.0.attributes.pack ... 
2019-01-02 07:54:09 +0000  5497 bytes for ./Payload/BBPlayer.app/data/PTModelObjectButton.0.attributes.pack
copying file ./Payload/BBPlayer.app/data/PTModelObjectButton.0.connections.pack ... 
2019-01-02 07:54:09 +0000  190 bytes for ./Payload/BBPlayer.app/data/PTModelObjectButton.0.connections.pack
copying file ./Payload/BBPlayer.app/data/PTModelObjectButtonControl.0.attributes.pack ... 
2019-01-02 07:54:09 +0000  1134 bytes for ./Payload/BBPlayer.app/data/PTModelObjectButtonControl.0.attributes.pack
copying file ./Payload/BBPlayer.app/data/PTModelObjectButtonControl.0.connections.pack ... 
2019-01-02 07:54:09 +0000  41 bytes for ./Payload/BBPlayer.app/data/PTModelObjectButtonControl.0.connections.pack
copying file ./Payload/BBPlayer.app/data/PTModelObjectButtonSoundControl.0.attributes.pack ... 
2019-01-02 07:54:09 +0000  287 bytes for ./Payload/BBPlayer.app/data/PTModelObjectButtonSoundControl.0.attributes.pack
copying file ./Payload/BBPlayer.app/data/PTModelObjectButtonSoundControl.0.connections.pack ... 
2019-01-02 07:54:09 +0000  17 bytes for ./Payload/BBPlayer.app/data/PTModelObjectButtonSoundControl.0.connections.pack
copying file ./Payload/BBPlayer.app/data/PTModelObjectEventObserver.0.attributes.pack ... 
2019-01-02 07:54:09 +0000  251 bytes for ./Payload/BBPlayer.app/data/PTModelObjectEventObserver.0.attributes.pack
copying file ./Payload/BBPlayer.app/data/PTModelObjectEventObserver.0.connections.pack ... 
2019-01-02 07:54:09 +0000  5 bytes for ./Payload/BBPlayer.app/data/PTModelObjectEventObserver.0.connections.pack
copying file ./Payload/BBPlayer.app/data/PTModelObjectImage.0.attributes.pack ... 
2019-01-02 07:54:09 +0000  17079 bytes for ./Payload/BBPlayer.app/data/PTModelObjectImage.0.attributes.pack
copying file ./Payload/BBPlayer.app/data/PTModelObjectImage.0.connections.pack ... 
2019-01-02 07:54:09 +0000  999 bytes for ./Payload/BBPlayer.app/data/PTModelObjectImage.0.connections.pack
copying file ./Payload/BBPlayer.app/data/PTModelObjectLabel.0.attributes.pack ... 
2019-01-02 07:54:09 +0000  3861 bytes for ./Payload/BBPlayer.app/data/PTModelObjectLabel.0.attributes.pack
copying file ./Payload/BBPlayer.app/data/PTModelObjectLabel.0.connections.pack ... 
2019-01-02 07:54:09 +0000  60 bytes for ./Payload/BBPlayer.app/data/PTModelObjectLabel.0.connections.pack
copying file ./Payload/BBPlayer.app/data/PTModelObjectLogic.0.attributes.pack ... 
2019-01-02 07:54:09 +0000  3412 bytes for ./Payload/BBPlayer.app/data/PTModelObjectLogic.0.attributes.pack
copying file ./Payload/BBPlayer.app/data/PTModelObjectLogic.0.connections.pack ... 
2019-01-02 07:54:09 +0000  55 bytes for ./Payload/BBPlayer.app/data/PTModelObjectLogic.0.connections.pack
copying file ./Payload/BBPlayer.app/data/PTModelObjectScreenJump.0.attributes.pack ... 
2019-01-02 07:54:09 +0000  942 bytes for ./Payload/BBPlayer.app/data/PTModelObjectScreenJump.0.attributes.pack
copying file ./Payload/BBPlayer.app/data/PTModelObjectScreenJump.0.connections.pack ... 
2019-01-02 07:54:09 +0000  25 bytes for ./Payload/BBPlayer.app/data/PTModelObjectScreenJump.0.connections.pack
copying file ./Payload/BBPlayer.app/data/PTModelPolygon.0.attributes.pack ... 
2019-01-02 07:54:09 +0000  3657 bytes for ./Payload/BBPlayer.app/data/PTModelPolygon.0.attributes.pack
copying file ./Payload/BBPlayer.app/data/PTModelPolygon.0.connections.pack ... 
2019-01-02 07:54:09 +0000  209 bytes for ./Payload/BBPlayer.app/data/PTModelPolygon.0.connections.pack
copying file ./Payload/BBPlayer.app/data/PTModelScreen.0.attributes.pack ... 
2019-01-02 07:54:09 +0000  3036 bytes for ./Payload/BBPlayer.app/data/PTModelScreen.0.attributes.pack
copying file ./Payload/BBPlayer.app/data/PTModelScreen.0.connections.pack ... 
2019-01-02 07:54:09 +0000  338 bytes for ./Payload/BBPlayer.app/data/PTModelScreen.0.connections.pack
copying file ./Payload/BBPlayer.app/data/PTModelScreenScene.0.attributes.pack ... 
2019-01-02 07:54:09 +0000  556 bytes for ./Payload/BBPlayer.app/data/PTModelScreenScene.0.attributes.pack
copying file ./Payload/BBPlayer.app/data/PTModelScreenScene.0.connections.pack ... 
2019-01-02 07:54:09 +0000  69 bytes for ./Payload/BBPlayer.app/data/PTModelScreenScene.0.connections.pack
copying file ./Payload/BBPlayer.app/data/PTModelSound.0.attributes.pack ... 
2019-01-02 07:54:09 +0000  699 bytes for ./Payload/BBPlayer.app/data/PTModelSound.0.attributes.pack
copying file ./Payload/BBPlayer.app/data/PTModelSound.0.connections.pack ... 
2019-01-02 07:54:09 +0000  50 bytes for ./Payload/BBPlayer.app/data/PTModelSound.0.connections.pack
copying file ./Payload/BBPlayer.app/data/PTModelSprite.0.attributes.pack ... 
2019-01-02 07:54:09 +0000  50493 bytes for ./Payload/BBPlayer.app/data/PTModelSprite.0.attributes.pack
copying file ./Payload/BBPlayer.app/data/PTModelSprite.0.connections.pack ... 
2019-01-02 07:54:09 +0000  1491 bytes for ./Payload/BBPlayer.app/data/PTModelSprite.0.connections.pack
copying file ./Payload/BBPlayer.app/data/PTModelSpriteContainer.0.attributes.pack ... 
2019-01-02 07:54:09 +0000  27006 bytes for ./Payload/BBPlayer.app/data/PTModelSpriteContainer.0.attributes.pack
copying file ./Payload/BBPlayer.app/data/PTModelSpriteContainer.0.connections.pack ... 
2019-01-02 07:54:09 +0000  2038 bytes for ./Payload/BBPlayer.app/data/PTModelSpriteContainer.0.connections.pack
2019-01-02 07:54:09 +0000  copying file ./Payload/BBPlayer.app/data/PTNodeScene.0.attributes.pack ... 
61 bytes for ./Payload/BBPlayer.app/data/PTNodeScene.0.attributes.pack
copying file ./Payload/BBPlayer.app/data/PTNodeScene.0.connections.pack ... 
2019-01-02 07:54:09 +0000  99 bytes for ./Payload/BBPlayer.app/data/PTNodeScene.0.connections.pack
copying file ./Payload/BBPlayer.app/data/PTNodeUI.0.attributes.pack ... 
2019-01-02 07:54:09 +0000  853 bytes for ./Payload/BBPlayer.app/data/PTNodeUI.0.attributes.pack
copying file ./Payload/BBPlayer.app/data/PTNodeUI.0.connections.pack ... 
2019-01-02 07:54:09 +0000  364 bytes for ./Payload/BBPlayer.app/data/PTNodeUI.0.connections.pack
copying file ./Payload/BBPlayer.app/data/PTNodeUIStart.0.attributes.pack ... 
2019-01-02 07:54:09 +0000  59 bytes for ./Payload/BBPlayer.app/data/PTNodeUIStart.0.attributes.pack
copying file ./Payload/BBPlayer.app/data/PTNodeUIStart.0.connections.pack ... 
2019-01-02 07:54:09 +0000  23 bytes for ./Payload/BBPlayer.app/data/PTNodeUIStart.0.connections.pack
2019-01-02 07:54:09 +0000  copying file ./Payload/BBPlayer.app/data/shaders/WaterReflection.fsh ... 
2019-01-02 07:54:09 +0000  699 bytes for ./Payload/BBPlayer.app/data/shaders/WaterReflection.fsh
copying file ./Payload/BBPlayer.app/data/sounds/PTModelSound_ID6593.mp3 ... 
2019-01-02 07:54:09 +0000  2631052 bytes for ./Payload/BBPlayer.app/data/sounds/PTModelSound_ID6593.mp3
copying file ./Payload/BBPlayer.app/data/sounds/PTModelSound_ID6603.mp3 ... 
2019-01-02 07:54:09 +0000  106578 bytes for ./Payload/BBPlayer.app/data/sounds/PTModelSound_ID6603.mp3
copying file ./Payload/BBPlayer.app/data/sounds/PTModelSound_ID6611.mp3 ... 
2019-01-02 07:54:09 +0000  128988 bytes for ./Payload/BBPlayer.app/data/sounds/PTModelSound_ID6611.mp3
copying file ./Payload/BBPlayer.app/data/sounds/PTModelSound_ID6614.mp3 ... 
2019-01-02 07:54:09 +0000  29282 bytes for ./Payload/BBPlayer.app/data/sounds/PTModelSound_ID6614.mp3
2019-01-02 07:54:09 +0000  copying file ./Payload/BBPlayer.app/data/sounds/PTModelSound_ID6618.mp3 ... 
2019-01-02 07:54:09 +0000  7624 bytes for ./Payload/BBPlayer.app/data/sounds/PTModelSound_ID6618.mp3
copying file ./Payload/BBPlayer.app/data/sounds/PTModelSound_ID6630.mp3 ... 
2019-01-02 07:54:09 +0000  2631052 bytes for ./Payload/BBPlayer.app/data/sounds/PTModelSound_ID6630.mp3
copying file ./Payload/BBPlayer.app/data/sounds/PTModelSound_ID6633.mp3 ... 
2019-01-02 07:54:09 +0000  7624 bytes for ./Payload/BBPlayer.app/data/sounds/PTModelSound_ID6633.mp3
copying file ./Payload/BBPlayer.app/data/sounds/PTModelSound_ID6634.mp3 ... 
2019-01-02 07:54:09 +0000  7624 bytes for ./Payload/BBPlayer.app/data/sounds/PTModelSound_ID6634.mp3
2019-01-02 07:54:09 +0000  copying file ./Payload/BBPlayer.app/data/sounds/PTModelSound_ID6635.mp3 ... 
2019-01-02 07:54:09 +0000  7624 bytes for ./Payload/BBPlayer.app/data/sounds/PTModelSound_ID6635.mp3
copying file ./Payload/BBPlayer.app/data/sounds/PTModelSound_ID6636.mp3 ... 
2019-01-02 07:54:09 +0000  7624 bytes for ./Payload/BBPlayer.app/data/sounds/PTModelSound_ID6636.mp3
2019-01-02 07:54:09 +0000  copying file ./Payload/BBPlayer.app/Default-2436h@3x.png ... 
2019-01-02 07:54:09 +0000  14466 bytes for ./Payload/BBPlayer.app/Default-2436h@3x.png
2019-01-02 07:54:09 +0000  copying file ./Payload/BBPlayer.app/Default-568h@2x.png ... 
2019-01-02 07:54:09 +0000  4572 bytes for ./Payload/BBPlayer.app/Default-568h@2x.png
copying file ./Payload/BBPlayer.app/Default-667h@2x.png ... 
2019-01-02 07:54:09 +0000  5904 bytes for ./Payload/BBPlayer.app/Default-667h@2x.png
copying file ./Payload/BBPlayer.app/Default-736h@3x.png ... 
2019-01-02 07:54:09 +0000  14133 bytes for ./Payload/BBPlayer.app/Default-736h@3x.png
copying file ./Payload/BBPlayer.app/Default.png ... 
2019-01-02 07:54:09 +0000  1388 bytes for ./Payload/BBPlayer.app/Default.png
copying file ./Payload/BBPlayer.app/Default@2x.png ... 
2019-01-02 07:54:09 +0000  3895 bytes for ./Payload/BBPlayer.app/Default@2x.png
copying file ./Payload/BBPlayer.app/Default@2x~ipad.png ... 
2019-01-02 07:54:09 +0000  14872 bytes for ./Payload/BBPlayer.app/Default@2x~ipad.png
copying file ./Payload/BBPlayer.app/Default~ipad.png ... 
2019-01-02 07:54:09 +0000  4392 bytes for ./Payload/BBPlayer.app/Default~ipad.png
copying file ./Payload/BBPlayer.app/DISCLAIMER ... 
2019-01-02 07:54:09 +0000  107 bytes for ./Payload/BBPlayer.app/DISCLAIMER
copying file ./Payload/BBPlayer.app/embedded.mobileprovision ... 
2019-01-02 07:54:09 +0000  7529 bytes for ./Payload/BBPlayer.app/embedded.mobileprovision
2019-01-02 07:54:09 +0000  copying file ./Payload/BBPlayer.app/Info.plist ... 
2017 bytes for ./Payload/BBPlayer.app/Info.plist
copying file ./Payload/BBPlayer.app/LaunchImageLandscape-1100-Portrait-2436h@3x.png ... 
2019-01-02 07:54:09 +0000  14466 bytes for ./Payload/BBPlayer.app/LaunchImageLandscape-1100-Portrait-2436h@3x.png
copying file ./Payload/BBPlayer.app/LaunchImageLandscape-700-568h@2x.png ... 
2019-01-02 07:54:09 +0000  4572 bytes for ./Payload/BBPlayer.app/LaunchImageLandscape-700-568h@2x.png
copying file ./Payload/BBPlayer.app/LaunchImageLandscape-700-Landscape@2x~ipad.png ... 
2019-01-02 07:54:09 +0000  14872 bytes for ./Payload/BBPlayer.app/LaunchImageLandscape-700-Landscape@2x~ipad.png
copying file ./Payload/BBPlayer.app/LaunchImageLandscape-700-Landscape~ipad.png ... 
2019-01-02 07:54:09 +0000  4392 bytes for ./Payload/BBPlayer.app/LaunchImageLandscape-700-Landscape~ipad.png
copying file ./Payload/BBPlayer.app/LaunchImageLandscape-700@2x.png ... 
2019-01-02 07:54:09 +0000  3895 bytes for ./Payload/BBPlayer.app/LaunchImageLandscape-700@2x.png
copying file ./Payload/BBPlayer.app/LaunchImageLandscape-800-667h@2x.png ... 
2019-01-02 07:54:09 +0000  5904 bytes for ./Payload/BBPlayer.app/LaunchImageLandscape-800-667h@2x.png
copying file ./Payload/BBPlayer.app/LaunchImageLandscape-800-Portrait-736h@3x.png ... 
2019-01-02 07:54:09 +0000  14133 bytes for ./Payload/BBPlayer.app/LaunchImageLandscape-800-Portrait-736h@3x.png
2019-01-02 07:54:09 +0000  copying file ./Payload/BBPlayer.app/LaunchImageLandscape.png ... 
1388 bytes for ./Payload/BBPlayer.app/LaunchImageLandscape.png
copying file ./Payload/BBPlayer.app/PkgInfo ... 
2019-01-02 07:54:09 +0000  8 bytes for ./Payload/BBPlayer.app/PkgInfo
2019-01-02 07:54:09 +0000  /usr/bin/ditto exited with 0
2019-01-02 07:54:09 +0000  Processing step: IDEDistributionAppStoreInformationStep
2019-01-02 07:54:09 +0000  Skipping step: IDEDistributionAppStoreInformationStep because it said so
2019-01-02 07:54:09 +0000  Processing step: IDEDistributionCreateManifestStep
2019-01-02 07:54:09 +0000  Skipping step: IDEDistributionCreateManifestStep because it said so
